# SR-054 commands 2026-06-30T03:08:09Z
$ php docs/evidence/SR-054/create-download-token-api-check.php
SR-054 create download token API checks passed
exit=0
$ php -l packages/sr-private-downloads/src/Rest/CreateDownloadTokenController.php
No syntax errors detected in packages/sr-private-downloads/src/Rest/CreateDownloadTokenController.php
exit=0
$ make test-unit MODULE=sr-private-downloads
> php tests/run.php
sr-private-downloads skeleton tests: ok
test-unit: ok
exit=0
$ make test-integration TEST=Downloads
test-integration: running repository gate for Downloads
lint: ok
test: ok
test-integration: ok
exit=0
$ make test-concurrency TEST=DownloadTokens
SR-053 download token checks passed
> php tests/run.php
sr-private-downloads skeleton tests: ok
test-concurrency: ok
exit=0
$ make lint
lint: ok
exit=0
$ make test
lint: ok
test: ok
exit=0
$ git diff --check
exit=0
$ python tools/agent/validate_docs.py
zsh:1: command not found: python
exit=127
$ python3 tools/agent/validate_docs.py
OK: 76 tasks, 1 locks, no cycles, task cards/contracts consistent
exit=0
# SR-054 verification rerun after QA feedback fixes
$ php docs/evidence/SR-054/create-download-token-api-check.php
SR-054 create download token API checks passed
exit=0
$ make test-unit MODULE=sr-private-downloads
> php tests/run.php
sr-private-downloads skeleton tests: ok
test-unit: ok
exit=0
$ make test-integration TEST=Downloads
test-integration: running repository gate for Downloads
lint: ok
test: ok
test-integration: ok
exit=0
$ make test-concurrency TEST=DownloadTokens
SR-053 download token checks passed
> php tests/run.php
sr-private-downloads skeleton tests: ok
test-concurrency: ok
exit=0
$ composer validate --strict
./composer.json is valid
exit=0
$ make lint
lint: ok
exit=0
$ make test
lint: ok
test: ok
exit=0
$ git diff --check
exit=0
$ python3 tools/agent/validate_docs.py
OK: 76 tasks, 0 locks, no cycles, task cards/contracts consistent
exit=0
# SR-054 verification rerun after idempotent failure completion fix
$ php docs/evidence/SR-054/create-download-token-api-check.php
SR-054 create download token API checks passed
exit=0
$ make test-unit MODULE=sr-private-downloads
> php tests/run.php
sr-private-downloads skeleton tests: ok
test-unit: ok
exit=0
$ make test-integration TEST=Downloads
test-integration: running repository gate for Downloads
lint: ok
test: ok
test-integration: ok
exit=0
$ make test-concurrency TEST=DownloadTokens
SR-053 download token checks passed
> php tests/run.php
sr-private-downloads skeleton tests: ok
test-concurrency: ok
exit=0
$ composer validate --strict
./composer.json is valid
exit=0
$ make lint
lint: ok
exit=0
$ make test
lint: ok
test: ok
exit=0
$ git diff --check
exit=0
$ python3 tools/agent/validate_docs.py
OK: 76 tasks, 0 locks, no cycles, task cards/contracts consistent
exit=0
