SR-063 command log
Generated: 2026-06-30T18:54:28+08:00
Branch: feat/SR-063-admin-workbench

Context
- Dependencies checked: SR-039 VERIFIED, SR-049 VERIFIED, SR-056 VERIFIED, SR-059 VERIFIED, SR-060 VERIFIED.
- Contracts read: docs/tasks/SR-063.md, docs/contracts/permissions.yaml, docs/contracts/schema.sql, docs/contracts/openapi.yaml.
- Allowed code paths used: packages/sr-admin-ops/src/Admin/**.
- RED evidence: php docs/evidence/SR-063/admin-workbench-check.php failed before implementation because Admin workbench support classes did not exist.

Commands
1. php docs/evidence/SR-063/admin-workbench-check.php
   Exit before implementation: 255
   RED result: missing Admin workbench support class under packages/sr-admin-ops/src/Admin.

2. php docs/evidence/SR-063/admin-workbench-check.php
   Exit after implementation: 0
   Result: SR-063 admin workbench checks passed.
   Coverage:
   - workbench queues are task-oriented and grouped by visible queue.
   - finance, membership, support and rights roles see only necessary queues.
   - projections hide payment proof storage keys, customer emails, internal notes, signed URLs and rights evidence keys.
   - unprivileged editor sees no admin workbench queues.
   - high-risk actions require reason code and second confirmation phrase.
   - required action capabilities are enforced.
   - action authorization verifies every selected item exists in the supplied task context.
   - action authorization rejects queue/action mismatches and task-level allowedActions mismatches.
   - view-only support capability cannot expose or authorize download settlement retry.
   - audit output is structured as per-item records.
   - bulk action max item count and pagination limit are enforced.

3. composer validate --strict
   Exit: 0
   Result: ./composer.json is valid.

4. make lint
   Exit: 0
   Result: lint: ok.

5. make test-unit MODULE=admin
   Exit: 0
   Result: sr-admin-ops skeleton tests ok; test-unit ok.
   Note: SR-063 behavior coverage is provided by docs/evidence/SR-063/admin-workbench-check.php.

6. make test-integration
   Exit: 0
   Result: repository gate for all passed; lint ok; test ok; test-integration ok.

7. git diff --check
   Exit: 0
   Result: no whitespace errors in tracked diff.

8. python tools/agent/validate_docs.py
   Exit: 127
   Result: command not found in this environment.
   Deviation: task card requires python, but this runner only has python3 available.

9. python3 tools/agent/validate_docs.py
   Exit: 0
   Result: OK: 76 tasks, 1 locks, no cycles, task cards/contracts consistent.

10. php -l docs/evidence/SR-063/admin-workbench-check.php
    Exit: 0
    Result: No syntax errors detected.

11. find packages/sr-admin-ops/src/Admin -name '*.php' -print | sort | xargs -n1 php -l
    Exit: 0
    Result: No syntax errors detected in all SR-063 Admin classes.

Failure / attack checks
- Unprivileged editor sees no queues.
- Role-specific projections hide storage keys, signed URLs, emails and internal notes.
- High-risk actions require reason code and second confirmation.
- Actors without required capability cannot perform high-risk actions.
- Cross-queue item IDs cannot be authorized by an unrelated action.
- Domain task allowedActions are enforced before authorization succeeds.
- View-only support roles cannot trigger mutating download retries.
- Audit metadata is emitted as one record per item for bulk-safe callers.
- Bulk action maximum is enforced.
- Pagination limit maximum is enforced.
