```bash
cd /home/devops-ubuntu/Developer/Indicator_Marketplace/project
composer validate --strict
```

Exit: 0.
Output:
`./composer.json is valid`

```bash
cd /home/devops-ubuntu/Developer/Indicator_Marketplace/project
make lint
```

Exit: 0.
Output:
`lint: ok`

```bash
cd /home/devops-ubuntu/Developer/Indicator_Marketplace/project
php -l docs/evidence/SR-043/schema-migrations-check.php
php -l packages/sr-entitlements/src/Infrastructure/Migration/EntitlementSchemaMigration.php
php -l packages/sr-entitlements/src/Infrastructure/Migration/EntitlementCounterSchemaMigration.php
php -l packages/sr-entitlements/src/Infrastructure/Migration/DownloadEventsSchemaMigration.php
```

Exit: 0.
Output:
`No syntax errors detected` (all listed files)

```bash
cd /home/devops-ubuntu/Developer/Indicator_Marketplace/project
php docs/evidence/SR-043/schema-migrations-check.php
```

Exit: 0.
Output:
`SR-043 schema migration checks passed.`

```bash
cd /home/devops-ubuntu/Developer/Indicator_Marketplace/project
composer --working-dir=packages/sr-entitlements test
```

Exit: 0.
Output:
`sr-entitlements skeleton tests: ok`

```bash
cd /home/devops-ubuntu/Developer/Indicator_Marketplace/project
make test-unit MODULE=sr-entitlements
```

Exit: 2.
Output:
`make: *** No rule to make target 'test-unit'.  Stop.`

原因：仓库 Makefile 当前未提供 `test-unit` 入口；已用 `composer --working-dir=packages/sr-entitlements test` 作为替代自检。

```bash
cd /home/devops-ubuntu/Developer/Indicator_Marketplace/project
make test-integration TEST=Entitlements
```

Exit: 2.
Output:
`make: *** No rule to make target 'test-integration'.  Stop.`

原因：仓库 Makefile 当前未提供 `test-integration` 入口；未在该任务内新增对应目标。

```bash
cd /home/devops-ubuntu/Developer/Indicator_Marketplace/project
make test-concurrency TEST=Entitlements
```

Exit: 2.
Output:
`make: *** No rule to make target 'test-concurrency'.  Stop.`

原因：仓库 Makefile 当前未提供 `test-concurrency` 入口；未在该任务内新增对应目标。

```bash
cd /home/devops-ubuntu/Developer/Indicator_Marketplace/project
make test
```

Exit: 0.
Output:
`lint: ok`
`test: ok`

```bash
cd /home/devops-ubuntu/Developer/Indicator_Marketplace/project
python3 tools/agent/validate_docs.py
```

Exit: 0.
Output:
`OK: 76 tasks, 1 locks, no cycles, task cards/contracts consistent`

```bash
cd /home/devops-ubuntu/Developer/Indicator_Marketplace/project
git diff --check
```

Exit: 0.
Output:
`No whitespace errors`.

```bash
cd /home/devops-ubuntu/Developer/Indicator_Marketplace/project
git diff --stat
```

Exit: 0.
Output:
`docs/status/agent-locks.yaml | 10 +++++++++-
  docs/status/task-status.yaml | 12 ++++++------
  ... (new files are untracked: 3 evidence scripts + 6 plan/migration classes under packages/sr-entitlements)`

```bash
cd /home/devops-ubuntu/Developer/Indicator_Marketplace/project
git push -u origin feat/SR-043-entitlement-core-tables
```

Exit: 0.
Output:
`To https://github.com/3300160875/Indicator_Marketplace.git`
`* [new branch] feat/SR-043-entitlement-core-tables -> feat/SR-043-entitlement-core-tables`

```bash
cd /home/devops-ubuntu/Developer/Indicator_Marketplace/project
gh pr create --fill
```

Exit: 0.
Output:
`Warning: 1 uncommitted change`
`https://github.com/3300160875/Indicator_Marketplace/pull/40`

```bash
cd /home/devops-ubuntu/Developer/Indicator_Marketplace/project
gh pr checks 40
```

Exit: 0.
Output:
`Frontend gate	pass	11s	https://github.com/3300160875/Indicator_Marketplace/actions/runs/28350230187/job/83981416095`
`PHP gate	pass	32s	https://github.com/3300160875/Indicator_Marketplace/actions/runs/28350230187/job/83981416127`
