# SR-030 command log

Branch: `feat/SR-030-production-storage-adapters`

```bash
php docs/evidence/SR-030/adapter-contract-check.php
```

Exit: 255 before implementation.
Output: expected RED failure because `ObjectStorageProvider.php` did not exist yet.

```bash
php docs/evidence/SR-030/adapter-contract-check.php
```

Exit: 0 after implementation.
Output: `SR-030 production adapter contract checks passed.`

```bash
vendor/bin/pint --test packages/sr-private-downloads/src/Storage/Adapters docs/evidence/SR-030
```

Exit: 0.
Output: `{"tool":"pint","result":"passed"}`

```bash
composer --working-dir=packages/sr-private-downloads validate --strict
```

Exit: 0.
Output: `./composer.json is valid`

```bash
composer --working-dir=packages/sr-private-downloads test
```

Exit: 0.
Output: `sr-private-downloads skeleton tests: ok`

```bash
make test-unit MODULE=sr-private-downloads
```

Exit: 2.
Output: `make: *** No rule to make target 'test-unit'. Stop.`
Reason: repository-level target is not defined yet; replacement commands above validate the package and SR-030 adapter contract.

```bash
make test-integration TEST=Storage
```

Exit: 2.
Output: `make: *** No rule to make target 'test-integration'. Stop.`
Reason: repository-level target is not defined yet; replacement command is `php docs/evidence/SR-030/adapter-contract-check.php`.

```bash
make test-security TEST=PrivateObject
```

Exit: 2.
Output: `make: *** No rule to make target 'test-security'. Stop.`
Reason: repository-level target is not defined yet; replacement command is `php docs/evidence/SR-030/adapter-contract-check.php`, including private ACL and SDK-leak checks.

```bash
make test
```

Exit: 0.
Output: `lint: ok`; `test: ok`.

```bash
python3 tools/agent/validate_docs.py
```

Exit: 0.
Output: `OK: 76 tasks, 0 locks, no cycles, task cards/contracts consistent`

```bash
python3 tools/agent/taskctl.py validate
```

Exit: 0.
Output: `OK: 76 tasks, 0 locks, no cycles, task cards/contracts consistent`

```bash
git diff --check
```

Exit: 0.
Output: no output.
