# SR-031 command log

Branch: `feat/SR-031-edd-order-adapter`

```bash
php docs/evidence/SR-031/edd-order-adapter-check.php
```

Exit: 255 before implementation.
Output: expected RED failure because `packages/sr-core/src/Integration/Edd/EddAdapterException.php` does not exist yet.

```bash
php docs/evidence/SR-031/edd-order-adapter-check.php
```

Exit: 255 during implementation.
Output: expected failure because EDD refund amount `-3.000000000` was normalized to `3` instead of stable money string `3.00`; fixed adapter normalization.

```bash
vendor/bin/pint packages/sr-core/src/Integration/Edd docs/evidence/SR-031
```

Exit: 0.
Output: Pint fixed formatting in new SR-031 files.

```bash
php docs/evidence/SR-031/edd-order-adapter-check.php
```

Exit: 0 after implementation.
Output: `SR-031 EDD order adapter checks passed.`

```bash
composer validate --strict
```

Exit: 0.
Output: `./composer.json is valid`

```bash
composer --working-dir=packages/sr-core validate --strict
```

Exit: 0.
Output: `./composer.json is valid`

```bash
composer --working-dir=packages/sr-core test
```

Exit: 0.
Output: `sr-core runtime tests: ok`

```bash
vendor/bin/pint --test packages/sr-core/src/Integration/Edd docs/evidence/SR-031
```

Exit: 0.
Output: `{"tool":"pint","result":"passed"}`

```bash
make lint
```

Exit: 0.
Output: `lint: ok`

```bash
make test-unit MODULE=edd
```

Exit: 2.
Output: `make: *** No rule to make target 'test-unit'. Stop.`
Reason: repository-level target is not defined yet; replacement commands are `composer --working-dir=packages/sr-core test` and `php docs/evidence/SR-031/edd-order-adapter-check.php`.

```bash
make test-integration
```

Exit: 2.
Output: `make: *** No rule to make target 'test-integration'. Stop.`
Reason: repository-level target is not defined yet; replacement command is `php docs/evidence/SR-031/edd-order-adapter-check.php`.

```bash
make test
```

Exit: 0.
Output: `lint: ok`; `test: ok`.

```bash
python3 tools/agent/validate_docs.py
```

Exit: 0.
Output: `OK: 76 tasks, 0 locks, no cycles, task cards/contracts consistent`.

```bash
git diff --check
```

Exit: 0.
Output: no output.
