SR-061 command log
Generated: 2026-06-30T18:34:40+08:00
Branch: feat/SR-061-support-tickets

Context
- Dependencies checked: SR-011 VERIFIED, SR-027 VERIFIED.
- Contracts read: docs/contracts/schema.sql, docs/contracts/openapi.yaml, docs/contracts/permissions.yaml, docs/contracts/data-dictionary.yaml.
- Allowed code paths used: packages/sr-admin-ops/src/Support/**.
- RED evidence: php docs/evidence/SR-061/support-ticket-check.php failed before implementation because AttachmentPolicy.php did not exist.

Commands
1. php docs/evidence/SR-061/support-ticket-check.php
   Exit before implementation: 255
   RED result: missing Support support class under packages/sr-admin-ops/src/Support.

2. php docs/evidence/SR-061/support-ticket-check.php
   Exit after implementation: 0
   Result: SR-061 support ticket checks passed.
   Coverage:
   - tickets link order, resource and download event IDs.
   - ticket owner can view, unrelated customer cannot view, assigned support can view.
   - legacy entitlement-view capability cannot view support tickets.
   - relation ownership is required and foreign relations fail closed.
   - attachment storage keys must be private.
   - customer messages and internal notes are separated.
   - customer projection excludes internal notes and hides attachment storage keys.
   - SLA due time and breach detection are configurable.
   - configured state transitions require reason codes and emit audit events.
   - payment tickets are supported.
   - support audit actions are registered in a local support catalog.
   - ticket creation emits audit and preserves owned relations.

3. composer validate --strict
   Exit: 0
   Result: ./composer.json is valid.

4. make lint
   Exit: 0
   Result: lint: ok.

5. make test-unit MODULE=support
   Exit: 0
   Result: sr-admin-ops skeleton tests ok; test-unit ok.

6. make test-integration
   Exit: 0
   Result: repository gate for all passed; lint ok; test ok; test-integration ok.

7. git diff --check
   Exit: 0
   Result: no whitespace errors in tracked diff.

8. python tools/agent/validate_docs.py
   Exit: 127
   Result: command not found in this environment.
   Deviation: task card requires python, but this runner only has python3 available.

9. python3 tools/agent/validate_docs.py
   Exit: 0
   Result: OK: 76 tasks, 0 locks, no cycles, task cards/contracts consistent.

10. php -l docs/evidence/SR-061/support-ticket-check.php
    Exit: 0
    Result: No syntax errors detected.

11. find packages/sr-admin-ops/src/Support -name '*.php' -print | sort | xargs -n1 php -l
    Exit: 0
    Result: No syntax errors detected in all SR-061 Support classes.

Failure / attack checks
- Unsafe attachment keys such as traversal paths are rejected with attachment_not_private.
- Public attachment URLs are rejected by the policy.
- Internal notes are excluded from customer-visible projections.
- Customer-visible message payloads do not expose private attachment storage keys.
- Unrelated customers cannot view another user's ticket.
- Entitlement-view-only users cannot view support tickets.
- Foreign relation IDs and missing relation ownership proofs fail closed.
- Hydrated tickets without any relation fail closed.
- Invalid status transitions and missing transition reasons fail closed.
