SR-056 command log
Generated: 2026-06-30T12:25:00+08:00
Branch: feat/SR-056-download-settlement

Context
- Dependencies checked: SR-050 VERIFIED, SR-055 VERIFIED.
- Contracts read: docs/contracts/events.yaml, docs/contracts/state-machines.yaml, docs/contracts/openapi.yaml, docs/contracts/schema.sql, docs/contracts/data-dictionary.yaml.
- Allowed code path used: packages/sr-private-downloads/src/Application/DownloadSettlementService.php.
- RED evidence: php docs/evidence/SR-056/download-settlement-check.php failed before implementation because DownloadSettlementService.php did not exist.
- QA remediation: added retry-safe expired-token settlement, explicit transaction runner, token settlement lock contract, token_id duplicate guard, QuotaService adapter evidence, and command handler for `sr downloads:reconcile`.

Commands
1. php -l packages/sr-private-downloads/src/Application/DownloadSettlementService.php
   Exit: 0
   Result: No syntax errors detected.

2. php -l docs/evidence/SR-056/download-settlement-check.php
   Exit: 0
   Result: No syntax errors detected.

3. php docs/evidence/SR-056/download-settlement-check.php
   Exit: 0
   Result: SR-056 download settlement checks passed.
   Coverage: redirected commit, failed release, expired release, dry-run no mutation,
   replay idempotency, token_id duplicate guard, release-failure retryability,
   real QuotaService used/reserved counter changes, command adapter dry-run.

4. make test-unit MODULE=sr-private-downloads
   Exit: 0
   Result: sr-private-downloads skeleton tests ok; test-unit ok.

5. make test-integration TEST=Downloads
   Exit: 0
   Result: repository gate for Downloads passed; lint ok; test ok; test-integration ok.

6. make test-concurrency TEST=DownloadTokens
   Exit: 0
   Result: SR-053 download token checks passed; sr-private-downloads skeleton tests ok; test-concurrency ok.

7. git diff --check
   Exit: 0
   Result: no whitespace errors.

8. python tools/agent/validate_docs.py
   Exit: 127
   Result: command not found in this environment; recorded as task-card command deviation.

9. python3 tools/agent/validate_docs.py
   Exit: 0
   Result: OK: 76 tasks, 1 locks, no cycles, task cards/contracts consistent.

10. make lint
    Exit: 0
    Result: lint ok.

11. make test
    Exit: 0
    Result: lint ok; test ok.

Failure / rollback checks
- Missing request_id reconciliation returns token_not_found and emits an alert.
- Dry-run reconciliation reports would_release_expired without changing quota or writing a download event.
- Replaying redirected, failed, and expired settlements returns already_settled and does not double commit/release quota.
- Failed expired-token quota release leaves the token issued and event absent so a later reconcile can retry safely.
- Same token_id under another request_id is treated as already settled and does not mutate quota.
- QuotaServiceSettlementGateway was exercised with SR-050 QuotaService: redirected settlement moved reserved_count 1->0 and used_count 0->1; failed settlement moved reserved_count 1->0 without changing used_count.
- Event records contain IDs and status snapshots only; no raw token or storage key is persisted by this service/evidence.
