SR-066 retry branch: feat/SR-066-e2e-unblock
Recorded at: 2026-07-01T07:51:50Z

Context:
- Original SR-066 was BLOCKED because only tests/e2e/** was allowed while the task required root package/lock, CI tooling and real runtime workflow endpoints.
- This retry explicitly expands scope to root Node tooling, bin/dev, docker-compose env, CI, a gated local E2E runtime loader and tests/e2e/**.
- The E2E runtime is gated by SR_E2E_ENABLED=1 and WordPress local/development environment only.

Failed-first evidence:
1. make e2e
   Exit: 2
   Result: Composer dev install timed out while downloading laravel/pint in the Docker CLI container, then failed source fallback because git is not installed in the PHP image.
   Fix: bin/dev e2e now installs Composer dependencies with --no-dev because Playwright P0 runtime only needs production WordPress/EDD dependencies.

2. make e2e
   Exit: 2
   Result: Browser loaded the E2E page, but page fetch failed because rest_url() generated localhost while Playwright used 127.0.0.1.
   Fix: E2E page now uses a same-origin runtime REST path.

3. make e2e
   Exit: 2
   Result: /wp-json returned HTML under the current Bedrock/Nginx runtime. The usable REST path is /?rest_route=...
   Fix: E2E page and final state check now use /?rest_route=...

4. make e2e
   Exit: 2
   Result: Parallel chromium/mobile runs overwrote a shared sr_e2e_p0_runs option. One browser run lost server state.
   Fix: E2E runtime now stores each run in an independent sr_e2e_p0_run_<md5> option and bootstrap is idempotent for existing run ids.

Final verification commands:
1. php -l tests/e2e/bootstrap-runtime.php && php -l tests/e2e/wp/e2e-runtime.php
   Exit: 0
   Output: No syntax errors detected.

2. node --check tests/e2e/playwright.config.mjs && node --check tests/e2e/sr066-p0.spec.mjs
   Exit: 0

3. sh -n bin/dev && docker compose config --quiet
   Exit: 0

4. npm run e2e -- --list
   Exit: 0
   Output: chromium and mobile-chrome projects both discover SR-066 P0 marketplace flow.

5. make e2e
   Exit: 0
   Output summary:
   - wordpress_installed=already
   - edd_activated=already
   - theme=stock-resource-theme
   - e2e_runtime=ready
   - 2 passed (chromium and mobile-chrome)

6. npm run e2e -- --project=chromium
   Exit: 0
   Output summary: 1 passed.

7. npm run e2e -- --project=mobile-chrome
   Exit: 0
   Output summary: 1 passed.

8. git diff --check
   Exit: 0

9. python3 tools/agent/validate_docs.py
   Exit: 0
   Output: OK: 76 tasks, 0 locks, no cycles, task cards/contracts consistent

10. make test
    Exit: 0
    Output:
    - lint: ok
    - test: ok

Generated artifacts:
- docs/evidence/SR-066/playwright-report/results.json
- docs/evidence/SR-066/playwright-report/index.html
- docs/evidence/SR-066/playwright-results/ retained by Playwright on failures and ignored for git; CI uploads the report/results directories as artifact sr-066-playwright-evidence.

Security notes:
- E2E routes require SR_E2E_ENABLED=1 and local/development WP environment.
- E2E REST calls require x-sr-e2e-key matching SR_E2E_KEY, default local-e2e-only.
- No production credentials, cookies, tokens or personal data are stored in evidence.
