# SR-035 command log

Branch: `feat/SR-035-account-order-projection`

```bash
php docs/evidence/SR-035/account-orders-check.php
```

Exit: 255 before implementation.
Output: expected RED failure because `packages/sr-core/src/Account/Orders/AccountOrderAccessException.php` did not exist yet.

```bash
php docs/evidence/SR-035/account-orders-check.php
```

Exit: 0 after implementation.
Output: `SR-035 account order checks passed.`

```bash
vendor/bin/pint --test packages/sr-core/src/Account/Orders docs/evidence/SR-035
```

Exit: 0.
Output: `{"tool":"pint","result":"passed"}`

```bash
composer --working-dir=packages/sr-core test
```

Exit: 0.
Output: `sr-core runtime tests: ok`

```bash
composer validate --strict
```

Exit: 0.
Output: `./composer.json is valid`

```bash
composer --working-dir=packages/sr-core validate --strict
```

Exit: 0.
Output: `./composer.json is valid`

```bash
make lint
```

Exit: 0.
Output: `lint: ok`

```bash
make test-unit MODULE=account
```

Exit: 2.
Output: `make: *** No rule to make target 'test-unit'. Stop.`
Reason: repository-level target is not defined yet; replacement commands are `composer --working-dir=packages/sr-core test` and `php docs/evidence/SR-035/account-orders-check.php`.

```bash
make test-integration
```

Exit: 2.
Output: `make: *** No rule to make target 'test-integration'. Stop.`
Reason: repository-level target is not defined yet; replacement command is `php docs/evidence/SR-035/account-orders-check.php`.

```bash
make test
```

Exit: 0.
Output: `lint: ok`; `test: ok`.

```bash
python3 tools/agent/validate_docs.py
```

Exit: 0.
Output: `OK: 76 tasks, 0 locks, no cycles, task cards/contracts consistent`.

```bash
git diff --check
```

Exit: 0.
Output: no output.
