SR-060 command log
Generated: 2026-06-30T22:06:00+08:00
Branch: feat/SR-060-audit-log-query

Context
- Dependencies checked: SR-012 VERIFIED, SR-027 VERIFIED.
- Contracts read: docs/contracts/schema.sql, docs/contracts/events.yaml, docs/contracts/feature-flags.yaml, docs/contracts/permissions.yaml, docs/contracts/data-dictionary.yaml.
- Allowed code paths used: packages/sr-admin-ops/src/Audit/**.
- RED evidence: php docs/evidence/SR-060/audit-log-check.php failed before implementation because AuditActionCatalog.php did not exist.

Commands
1. php docs/evidence/SR-060/audit-log-check.php
   Exit before implementation: 255
   RED result: missing Audit support class under packages/sr-admin-ops/src/Audit.

2. php docs/evidence/SR-060/audit-log-check.php
   Exit after implementation: 0
   Result: SR-060 audit log checks passed.
   Coverage:
   - payment.approved, entitlement.revoked, resource.published and config.changed are high-risk audit actions.
   - sensitive metadata is recursively redacted.
   - audit records are append-only.
   - ordinary administrators cannot delete audit logs.
   - ordinary administrators cannot query audit logs without explicit audit capability.
   - request_id filtering returns the expected record.
   - request_id filtering cannot bypass subject visibility.
   - query visibility is role scoped.
   - audit persistence SQL matches docs/contracts/schema.sql and query view payload is defined.

3. composer validate --strict
   Exit: 0
   Result: ./composer.json is valid.

4. make lint
   Exit: 0
   Result: lint: ok.

5. make test-unit MODULE=audit
   Exit: 0
   Result: sr-admin-ops skeleton tests ok; test-unit ok.

6. make test-integration
   Exit: 0
   Result: repository gate for all passed; lint ok; test ok; test-integration ok.

7. git diff --check
   Exit: 0
   Result: no whitespace errors.

8. python tools/agent/validate_docs.py
   Exit: 127
   Result: command not found in this environment.
   Deviation: task card requires python, but this runner only has python3 available.

9. python3 tools/agent/validate_docs.py
   Exit: 0
   Result: OK: 76 tasks, 0 locks, no cycles, task cards/contracts consistent.

10. php -l docs/evidence/SR-060/audit-log-check.php
    Exit: 0
    Result: No syntax errors detected.

11. find packages/sr-admin-ops/src/Audit -name '*.php' -print | sort | xargs -n1 php -l
    Exit: 0
    Result: No syntax errors detected in all SR-060 Audit classes.

Failure / attack checks
- Sensitive keys including proof, storage_key, token, secret and authorization are redacted recursively.
- The repository interface does not expose delete.
- AuditDeletePolicy denies deletion even for an administrator.
- Customer support cannot query payment submission audit records.
- Operations users cannot use a payment request_id to read payment audit records.
- The repository interface does not expose a delete method.
- AuditLogSchema uses the canonical object_type/object_id/before_json/after_json schema and does not define a competing subject_type/metadata_json table shape.
